0 info it worked if it ends with ok
1 verbose cli [ 'E:\\Abhi\\TaskManager.git\\ATM\\temp\\node\\node.exe',
1 verbose cli   'E:\\Abhi\\TaskManager.git\\ATM\\temp\\node\\node_modules\\npm\\bin\\npm-cli.js',
1 verbose cli   'run',
1 verbose cli   'build' ]
2 info using npm@3.9.5
3 info using node@v6.3.1
4 verbose run-script [ 'prebuild', 'build', 'postbuild' ]
5 info lifecycle atm-angular@0.0.0~prebuild: atm-angular@0.0.0
6 silly lifecycle atm-angular@0.0.0~prebuild: no script for prebuild, continuing
7 info lifecycle atm-angular@0.0.0~build: atm-angular@0.0.0
8 verbose lifecycle atm-angular@0.0.0~build: unsafe-perm in lifecycle true
9 verbose lifecycle atm-angular@0.0.0~build: PATH: E:\Abhi\TaskManager.git\ATM\temp\node\node_modules\npm\bin\node-gyp-bin;E:\Abhi\TaskManager.git\ATM\angular\node_modules\.bin;E:\Abhi\TaskManager.git\ATM\temp\node;E:\Abhi\TaskManager.git\ATM\temp\node;C:\oraclexe\app\oracle\product\11.2.0\server\bin;C:\Program Files (x86)\RSA SecurID Token Common;C:\Program Files\RSA SecurID Token Common;C:\Program Files\Java\jdk1.8.0_151\bin;C:\windows\system32;C:\windows;C:\windows\System32\Wbem;C:\windows\System32\WindowsPowerShell\v1.0\;C:\Program Files\TortoiseSVN\bin;E:\Work\Softwares\maven\apache-maven-3.5.2\bin;E:\Work\Softwares\maven\apache-maven-3.5.2\bin;C:\Users\52011295\AppData\Roaming\npm;C:\Program Files\nodejs\;C:\Program Files\TortoiseGit\bin;%DOCKER_HOME%;C:\Program Files\MySQL\MySQL Utilities 1.6\;C:\Users\52011295\AppData\Roaming\npm;
10 verbose lifecycle atm-angular@0.0.0~build: CWD: E:\Abhi\TaskManager.git\ATM\angular
11 silly lifecycle atm-angular@0.0.0~build: Args: [ '/d /s /c', 'ng build' ]
12 silly lifecycle atm-angular@0.0.0~build: Returned: code: 3  signal: null
13 info lifecycle atm-angular@0.0.0~build: Failed to exec build script
14 verbose stack Error: atm-angular@0.0.0 build: `ng build`
14 verbose stack Exit status 3
14 verbose stack     at EventEmitter.<anonymous> (E:\Abhi\TaskManager.git\ATM\temp\node\node_modules\npm\lib\utils\lifecycle.js:245:16)
14 verbose stack     at emitTwo (events.js:106:13)
14 verbose stack     at EventEmitter.emit (events.js:191:7)
14 verbose stack     at ChildProcess.<anonymous> (E:\Abhi\TaskManager.git\ATM\temp\node\node_modules\npm\lib\utils\spawn.js:24:14)
14 verbose stack     at emitTwo (events.js:106:13)
14 verbose stack     at ChildProcess.emit (events.js:191:7)
14 verbose stack     at maybeClose (internal/child_process.js:852:16)
14 verbose stack     at Process.ChildProcess._handle.onexit (internal/child_process.js:215:5)
15 verbose pkgid atm-angular@0.0.0
16 verbose cwd E:\Abhi\TaskManager.git\ATM\angular
17 error Windows_NT 6.1.7601
18 error argv "E:\\Abhi\\TaskManager.git\\ATM\\temp\\node\\node.exe" "E:\\Abhi\\TaskManager.git\\ATM\\temp\\node\\node_modules\\npm\\bin\\npm-cli.js" "run" "build"
19 error node v6.3.1
20 error npm  v3.9.5
21 error code ELIFECYCLE
22 error atm-angular@0.0.0 build: `ng build`
22 error Exit status 3
23 error Failed at the atm-angular@0.0.0 build script 'ng build'.
23 error Make sure you have the latest version of node.js and npm installed.
23 error If you do, this is most likely a problem with the atm-angular package,
23 error not with npm itself.
23 error Tell the author that this fails on your system:
23 error     ng build
23 error You can get information on how to open an issue for this project with:
23 error     npm bugs atm-angular
23 error Or if that isn't available, you can get their info via:
23 error     npm owner ls atm-angular
23 error There is likely additional logging output above.
24 verbose exit [ 1, true ]
